<?xml version="1.0" encoding="UTF-8"?>
<testng-results ignored="0" total="3" passed="3" failed="0" skipped="0">
  <reporter-output>
  </reporter-output>
  <suite started-at="2022-09-19T11:41:42 IST" name="Suite" finished-at="2022-09-19T11:42:11 IST" duration-ms="28863">
    <groups>
    </groups>
    <test started-at="2022-09-19T11:41:42 IST" name="Test" finished-at="2022-09-19T11:42:11 IST" duration-ms="28863">
      <class name="AllMobiles">
        <test-method signature="allMobilesMethod()[pri:0, instance:AllMobiles@483f6d77]" started-at="2022-09-19T11:42:03 IST" name="allMobilesMethod" finished-at="2022-09-19T11:42:11 IST" duration-ms="8690" status="PASS">
          <reporter-output>
          </reporter-output>
        </test-method> <!-- allMobilesMethod -->
      </class> <!-- AllMobiles -->
      <class name="signin">
        <test-method signature="allMobilesMethod()[pri:0, instance:signin@5403f35f]" started-at="2022-09-19T11:41:54 IST" name="allMobilesMethod" finished-at="2022-09-19T11:42:03 IST" duration-ms="9137" status="PASS">
          <reporter-output>
          </reporter-output>
        </test-method> <!-- allMobilesMethod -->
      </class> <!-- signin -->
      <class name="signup">
        <test-method signature="allMobilesMethod()[pri:0, instance:signup@2fd1433e]" started-at="2022-09-19T11:41:43 IST" name="allMobilesMethod" finished-at="2022-09-19T11:41:53 IST" duration-ms="10981" status="PASS">
          <reporter-output>
          </reporter-output>
        </test-method> <!-- allMobilesMethod -->
      </class> <!-- signup -->
    </test> <!-- Test -->
  </suite> <!-- Suite -->
</testng-results>
